<?xml version="1.0" encoding="UTF-8"?>
<coverage generated="1650641334035" clover="3.2.0">
  <project timestamp="1650641334035" name="All files">
    <metrics statements="25" coveredstatements="25" conditionals="6" coveredconditionals="6" methods="5" coveredmethods="5" elements="36" coveredelements="36" complexity="0" loc="25" ncloc="25" packages="1" files="1" classes="1"/>
    <file name="script.js" path="C:\Users\benjy\Documents\test-jest\script.js">
      <metrics statements="25" coveredstatements="25" conditionals="6" coveredconditionals="6" methods="5" coveredmethods="5"/>
      <line num="1" count="1" type="stmt"/>
      <line num="3" count="5" type="cond" truecount="2" falsecount="0"/>
      <line num="5" count="4" type="stmt"/>
      <line num="6" count="4" type="stmt"/>
      <line num="7" count="4" type="stmt"/>
      <line num="9" count="4" type="stmt"/>
      <line num="10" count="4" type="stmt"/>
      <line num="11" count="4" type="stmt"/>
      <line num="12" count="4" type="stmt"/>
      <line num="14" count="4" type="stmt"/>
      <line num="15" count="22" type="stmt"/>
      <line num="16" count="22" type="stmt"/>
      <line num="18" count="22" type="stmt"/>
      <line num="19" count="103" type="cond" truecount="2" falsecount="0"/>
      <line num="22" count="22" type="stmt"/>
      <line num="23" count="112" type="cond" truecount="2" falsecount="0"/>
      <line num="27" count="22" type="stmt"/>
      <line num="28" count="22" type="stmt"/>
      <line num="30" count="4" type="stmt"/>
      <line num="31" count="14" type="stmt"/>
      <line num="32" count="4" type="stmt"/>
      <line num="33" count="4" type="stmt"/>
      <line num="34" count="14" type="stmt"/>
      <line num="35" count="4" type="stmt"/>
      <line num="41" count="4" type="stmt"/>
    </file>
  </project>
</coverage>
