{"C:\\Users\\benjy\\Documents\\test-jest\\script.js": {"path":"C:\\Users\\benjy\\Documents\\test-jest\\script.js","statementMap":{"0":{"start":{"line":1,"column":25},"end":{"line":42,"column":1}},"1":{"start":{"line":3,"column":4},"end":{"line":3,"column":70}},"2":{"start":{"line":3,"column":33},"end":{"line":3,"column":70}},"3":{"start":{"line":5,"column":23},"end":{"line":5,"column":34}},"4":{"start":{"line":6,"column":24},"end":{"line":6,"column":35}},"5":{"start":{"line":7,"column":23},"end":{"line":7,"column":34}},"6":{"start":{"line":9,"column":27},"end":{"line":9,"column":29}},"7":{"start":{"line":10,"column":28},"end":{"line":10,"column":30}},"8":{"start":{"line":11,"column":35},"end":{"line":11,"column":36}},"9":{"start":{"line":12,"column":36},"end":{"line":12,"column":37}},"10":{"start":{"line":14,"column":4},"end":{"line":25,"column":5}},"11":{"start":{"line":14,"column":14},"end":{"line":14,"column":15}},"12":{"start":{"line":15,"column":8},"end":{"line":15,"column":33}},"13":{"start":{"line":16,"column":8},"end":{"line":16,"column":34}},"14":{"start":{"line":18,"column":8},"end":{"line":20,"column":11}},"15":{"start":{"line":19,"column":12},"end":{"line":19,"column":63}},"16":{"start":{"line":19,"column":38},"end":{"line":19,"column":63}},"17":{"start":{"line":22,"column":8},"end":{"line":24,"column":11}},"18":{"start":{"line":23,"column":12},"end":{"line":23,"column":64}},"19":{"start":{"line":23,"column":38},"end":{"line":23,"column":64}},"20":{"start":{"line":27,"column":4},"end":{"line":27,"column":63}},"21":{"start":{"line":27,"column":49},"end":{"line":27,"column":61}},"22":{"start":{"line":28,"column":4},"end":{"line":28,"column":65}},"23":{"start":{"line":28,"column":51},"end":{"line":28,"column":63}},"24":{"start":{"line":30,"column":4},"end":{"line":31,"column":97}},"25":{"start":{"line":31,"column":8},"end":{"line":31,"column":97}},"26":{"start":{"line":32,"column":4},"end":{"line":32,"column":73}},"27":{"start":{"line":33,"column":4},"end":{"line":34,"column":100}},"28":{"start":{"line":34,"column":8},"end":{"line":34,"column":100}},"29":{"start":{"line":35,"column":4},"end":{"line":35,"column":76}},"30":{"start":{"line":41,"column":4},"end":{"line":41,"column":103}}},"fnMap":{"0":{"name":"(anonymous_0)","decl":{"start":{"line":1,"column":25},"end":{"line":1,"column":26}},"loc":{"start":{"line":1,"column":38},"end":{"line":42,"column":1}},"line":1},"1":{"name":"(anonymous_1)","decl":{"start":{"line":18,"column":27},"end":{"line":18,"column":28}},"loc":{"start":{"line":18,"column":33},"end":{"line":20,"column":9}},"line":18},"2":{"name":"(anonymous_2)","decl":{"start":{"line":22,"column":28},"end":{"line":22,"column":29}},"loc":{"start":{"line":22,"column":34},"end":{"line":24,"column":9}},"line":22},"3":{"name":"(anonymous_3)","decl":{"start":{"line":27,"column":44},"end":{"line":27,"column":45}},"loc":{"start":{"line":27,"column":49},"end":{"line":27,"column":61}},"line":27},"4":{"name":"(anonymous_4)","decl":{"start":{"line":28,"column":46},"end":{"line":28,"column":47}},"loc":{"start":{"line":28,"column":51},"end":{"line":28,"column":63}},"line":28}},"branchMap":{"0":{"loc":{"start":{"line":3,"column":4},"end":{"line":3,"column":70}},"type":"if","locations":[{"start":{"line":3,"column":4},"end":{"line":3,"column":70}},{"start":{},"end":{}}],"line":3},"1":{"loc":{"start":{"line":19,"column":12},"end":{"line":19,"column":63}},"type":"if","locations":[{"start":{"line":19,"column":12},"end":{"line":19,"column":63}},{"start":{},"end":{}}],"line":19},"2":{"loc":{"start":{"line":23,"column":12},"end":{"line":23,"column":64}},"type":"if","locations":[{"start":{"line":23,"column":12},"end":{"line":23,"column":64}},{"start":{},"end":{}}],"line":23}},"s":{"0":1,"1":5,"2":1,"3":4,"4":4,"5":4,"6":4,"7":4,"8":4,"9":4,"10":4,"11":4,"12":22,"13":22,"14":22,"15":103,"16":4,"17":22,"18":112,"19":12,"20":4,"21":22,"22":4,"23":22,"24":4,"25":14,"26":4,"27":4,"28":14,"29":4,"30":4},"f":{"0":5,"1":103,"2":112,"3":22,"4":22},"b":{"0":[1,4],"1":[4,99],"2":[12,100]},"_coverageSchema":"1a1c01bbd47fc00a2c39e90264f33305004495a9","hash":"70b136646ab7227731bc135daa7319ad2f06eb99"}
}
