TN:
SF:script.js
FN:1,(anonymous_0)
FN:18,(anonymous_1)
FN:22,(anonymous_2)
FN:27,(anonymous_3)
FN:28,(anonymous_4)
FNF:5
FNH:5
FNDA:5,(anonymous_0)
FNDA:103,(anonymous_1)
FNDA:112,(anonymous_2)
FNDA:22,(anonymous_3)
FNDA:22,(anonymous_4)
DA:1,1
DA:3,5
DA:5,4
DA:6,4
DA:7,4
DA:9,4
DA:10,4
DA:11,4
DA:12,4
DA:14,4
DA:15,22
DA:16,22
DA:18,22
DA:19,103
DA:22,22
DA:23,112
DA:27,22
DA:28,22
DA:30,4
DA:31,14
DA:32,4
DA:33,4
DA:34,14
DA:35,4
DA:41,4
LF:25
LH:25
BRDA:3,0,0,1
BRDA:3,0,1,4
BRDA:19,1,0,4
BRDA:19,1,1,99
BRDA:23,2,0,12
BRDA:23,2,1,100
BRF:6
BRH:6
end_of_record
